
START - automation started - Mon Mar 25 2024 17:50:19 GMT+0800 (Malay Peninsula Standard Time)

LIVE MODE - type done to quit
 [RPA][STARTED]
[RPA][0] - listening for inputs
[RPA][1] - click (500,200)
[RPA][1] - listening for inputs
[RPA][2] - https://www.similarweb.com
[RPA][2] - listening for inputs
[RPA][3] - exist_result = exist('hm-hero-search').toString()
[RPA][3] - listening for inputs
[RPA][4] - dump exist_result to rpa_python.txt
[RPA][4] - listening for inputs
[RPA][5] - click hm-hero-search
[RPA][5] - listening for inputs
[RPA][6] - keyboard www.fb.com[enter]
[RPA][6] - listening for inputs
[RPA][7] - exist_result = exist('engagement-list__item-value').toString()
[RPA][7] - listening for inputs
[RPA][8] - dump exist_result to rpa_python.txt
[RPA][8] - listening for inputs
[RPA][9] - read engagement-list__item-value to read_result
[RPA][9] - listening for inputs
[RPA][10] - dump read_result to rpa_python.txt
[RPA][10] - listening for inputs
